[00:55:16] [main/INFO]: Setting user: Player424
[00:55:18] [Client thread/INFO]: LWJGL Version: 2.9.1
[00:55:22] [Client thread/INFO]: Reloading ResourceManager: Default, FMLFileResourcePack:Forge Mod Loader, FMLFileResourcePack:Minecraft Forge, FMLFileResourcePack:Vanilla Supplements
[00:55:23] [Sound Library Loader/INFO]: Sound engine started
[00:55:24] [Client thread/INFO]: Created: 512x256 textures/blocks-atlas
[00:55:24] [Client thread/INFO]: Created: 256x256 textures/items-atlas
[00:55:24] [Client thread/INFO]: Reloading ResourceManager: Default, FMLFileResourcePack:Forge Mod Loader, FMLFileResourcePack:Minecraft Forge, FMLFileResourcePack:Vanilla Supplements
[00:55:25] [Client thread/INFO]: Created: 512x256 textures/blocks-atlas
[00:55:25] [Client thread/INFO]: Created: 256x256 textures/items-atlas
[00:55:26] [Sound Library Loader/INFO]: Sound engine started
[00:55:29] [Server thread/INFO]: Starting integrated minecraft server version 1.7.10
[00:55:29] [Server thread/INFO]: Generating keypair
[00:55:29] [Server thread/INFO]: Preparing start region for level 0
[00:55:30] [Server thread/INFO]: Preparing spawn area: 96%
[00:55:30] [Server thread/INFO]: Changing view distance to 12, from 10
[00:55:31] [Server thread/INFO]: Player424[local:E:156b1980] logged in with entity id 118 at (254.22710051803085, 70.0, -172.71577756386677)
[00:55:31] [Server thread/INFO]: Player424 joined the game
[00:55:34] [Server thread/INFO]: Player424 has just earned the achievement [Taking Inventory]
[00:55:34] [Client thread/INFO]: [CHAT] Player424 has just earned the achievement [Taking Inventory]
[00:55:54] [Server thread/INFO]: Saving and pausing game...
[00:55:54] [Server thread/INFO]: Saving chunks for level 'New World'/Overworld
[00:55:54] [Server thread/INFO]: Saving chunks for level 'New World'/Nether
[00:55:54] [Server thread/INFO]: Saving chunks for level 'New World'/The End
[00:55:55] [Server thread/INFO]: Stopping server
[00:55:55] [Server thread/INFO]: Saving players
[00:55:55] [Server thread/INFO]: Saving worlds
[00:55:55] [Server thread/INFO]: Saving chunks for level 'New World'/Overworld
[00:55:55] [Server thread/INFO]: Saving chunks for level 'New World'/Nether
[00:55:55] [Server thread/INFO]: Saving chunks for level 'New World'/The End
[00:55:56] [Client thread/INFO]: Stopping!
